<?xml version="1.0" encoding="UTF-8"?>
<robot generator="Robot 6.1.1 (Python 3.10.12 on linux)" generated="20241118 22:35:05.671" rpa="false" schemaversion="4">
<suite id="s1" name="Tests" source="/home/tomppaa/ohtupalautukset/viikko3/hello-robot/src/tests">
<suite id="s1-s1" name="Increase Counter" source="/home/tomppaa/ohtupalautukset/viikko3/hello-robot/src/tests/increase_counter.robot">
<test id="s1-s1-t1" name="Increase Counter Once" line="5">
<kw name="Counter Value Should Be" library="CounterLibrary">
<arg>0</arg>
<status status="PASS" starttime="20241118 22:35:05.701" endtime="20241118 22:35:05.702"/>
</kw>
<kw name="Increase Counter" library="CounterLibrary">
<status status="PASS" starttime="20241118 22:35:05.702" endtime="20241118 22:35:05.702"/>
</kw>
<kw name="Counter Value Should Be" library="CounterLibrary">
<arg>1</arg>
<status status="PASS" starttime="20241118 22:35:05.702" endtime="20241118 22:35:05.702"/>
</kw>
<status status="PASS" starttime="20241118 22:35:05.700" endtime="20241118 22:35:05.702"/>
</test>
<test id="s1-s1-t2" name="Increase Counter Many Times" line="10">
<kw name="Counter Value Should Be" library="CounterLibrary">
<arg>0</arg>
<status status="PASS" starttime="20241118 22:35:05.703" endtime="20241118 22:35:05.703"/>
</kw>
<kw name="Increase Counter" library="CounterLibrary">
<status status="PASS" starttime="20241118 22:35:05.703" endtime="20241118 22:35:05.703"/>
</kw>
<kw name="Increase Counter" library="CounterLibrary">
<status status="PASS" starttime="20241118 22:35:05.704" endtime="20241118 22:35:05.704"/>
</kw>
<kw name="Increase Counter" library="CounterLibrary">
<status status="PASS" starttime="20241118 22:35:05.704" endtime="20241118 22:35:05.704"/>
</kw>
<kw name="Counter Value Should Be" library="CounterLibrary">
<arg>3</arg>
<status status="PASS" starttime="20241118 22:35:05.704" endtime="20241118 22:35:05.704"/>
</kw>
<status status="PASS" starttime="20241118 22:35:05.703" endtime="20241118 22:35:05.704"/>
</test>
<test id="s1-s1-t3" name="Increment Counter By Amount" line="17">
<kw name="Counter Value Should Be" library="CounterLibrary">
<arg>0</arg>
<status status="PASS" starttime="20241118 22:35:05.705" endtime="20241118 22:35:05.705"/>
</kw>
<kw name="Increment Counter By" library="CounterLibrary">
<arg>5</arg>
<status status="PASS" starttime="20241118 22:35:05.705" endtime="20241118 22:35:05.705"/>
</kw>
<kw name="Counter Value Should Be" library="CounterLibrary">
<arg>5</arg>
<status status="PASS" starttime="20241118 22:35:05.705" endtime="20241118 22:35:05.705"/>
</kw>
<status status="PASS" starttime="20241118 22:35:05.704" endtime="20241118 22:35:05.705"/>
</test>
<status status="PASS" starttime="20241118 22:35:05.692" endtime="20241118 22:35:05.706"/>
</suite>
<suite id="s1-s2" name="Reset Counter" source="/home/tomppaa/ohtupalautukset/viikko3/hello-robot/src/tests/reset_counter.robot">
<test id="s1-s2-t1" name="Reset Counter After One Increment" line="5">
<kw name="Counter Value Should Be" library="CounterLibrary">
<arg>0</arg>
<status status="PASS" starttime="20241118 22:35:05.709" endtime="20241118 22:35:05.709"/>
</kw>
<kw name="Increase Counter" library="CounterLibrary">
<status status="PASS" starttime="20241118 22:35:05.709" endtime="20241118 22:35:05.709"/>
</kw>
<kw name="Counter Value Should Be" library="CounterLibrary">
<arg>1</arg>
<status status="PASS" starttime="20241118 22:35:05.709" endtime="20241118 22:35:05.710"/>
</kw>
<kw name="Reset Counter" library="CounterLibrary">
<status status="PASS" starttime="20241118 22:35:05.710" endtime="20241118 22:35:05.710"/>
</kw>
<kw name="Counter Value Should Be" library="CounterLibrary">
<arg>0</arg>
<status status="PASS" starttime="20241118 22:35:05.710" endtime="20241118 22:35:05.710"/>
</kw>
<status status="PASS" starttime="20241118 22:35:05.708" endtime="20241118 22:35:05.710"/>
</test>
<test id="s1-s2-t2" name="Reset Counter After Several Increments" line="12">
<kw name="Counter Value Should Be" library="CounterLibrary">
<arg>0</arg>
<status status="PASS" starttime="20241118 22:35:05.710" endtime="20241118 22:35:05.710"/>
</kw>
<kw name="Increment Counter By" library="CounterLibrary">
<arg>5</arg>
<status status="PASS" starttime="20241118 22:35:05.711" endtime="20241118 22:35:05.711"/>
</kw>
<kw name="Counter Value Should Be" library="CounterLibrary">
<arg>5</arg>
<status status="PASS" starttime="20241118 22:35:05.711" endtime="20241118 22:35:05.711"/>
</kw>
<kw name="Reset Counter" library="CounterLibrary">
<status status="PASS" starttime="20241118 22:35:05.711" endtime="20241118 22:35:05.711"/>
</kw>
<kw name="Counter Value Should Be" library="CounterLibrary">
<arg>0</arg>
<status status="PASS" starttime="20241118 22:35:05.711" endtime="20241118 22:35:05.711"/>
</kw>
<status status="PASS" starttime="20241118 22:35:05.710" endtime="20241118 22:35:05.711"/>
</test>
<status status="PASS" starttime="20241118 22:35:05.706" endtime="20241118 22:35:05.712"/>
</suite>
<status status="PASS" starttime="20241118 22:35:05.673" endtime="20241118 22:35:05.713"/>
</suite>
<statistics>
<total>
<stat pass="5" fail="0" skip="0">All Tests</stat>
</total>
<tag>
</tag>
<suite>
<stat pass="5" fail="0" skip="0" id="s1" name="Tests">Tests</stat>
<stat pass="3" fail="0" skip="0" id="s1-s1" name="Increase Counter">Tests.Increase Counter</stat>
<stat pass="2" fail="0" skip="0" id="s1-s2" name="Reset Counter">Tests.Reset Counter</stat>
</suite>
</statistics>
<errors>
</errors>
</robot>
